2025-08-30 12:31:36,830 - main domain - DEBUG - main domain: COM12
2025-08-30 12:31:36,832 - main domain - DEBUG - sail domain: COM13
2025-08-30 12:31:36,833 - main domain - DEBUG - aurix domain: COM14
2025-08-30 12:31:44,164 - main domain - DEBUG - root
2025-08-30 12:31:44,165 - main domain - DEBUG - /bin/sh: root: not found
2025-08-30 12:31:44,165 - main domain - DEBUG - ~ #
2025-08-30 12:31:44,166 - main domain - DEBUG - ~ # systemctl --failed --no-pager
2025-08-30 12:31:44,166 - main domain - DEBUG - [0m [0m[0m UNIT[0m[0m LOAD[0m[0m ACTIVE[0m[0m SUB[0m[0m DESCRIPTION[0m
2025-08-30 12:31:44,167 - main domain - DEBUG - 0 loaded units listed.
2025-08-30 12:31:44,167 - main domain - DEBUG - ~ #
2025-08-30 12:31:44,167 - main domain - DEBUG - ~ #
2025-08-30 12:31:46,169 - main domain - DEBUG - microcom /dev/hvc5

2025-08-30 12:31:46,203 - main domain - DEBUG - ~ #  grep autoghgvm_lv &
~ # 
~ # journalctl --output=short-monotonic -f | grep "Failed to start" 
2025-08-30 12:31:48,404 - main domain - DEBUG - output=short-monotonic -f | grep "Notifier" &
2025-08-30 12:31:48,407 - main domain - DEBUG - ~ #
2025-08-30 12:31:48,407 - main domain - DEBUG - ~ # powercyclemgr_test SET 100
2025-08-30 12:31:48,408 - main domain - DEBUG - [ 1930.404486] sa8255-ivi vmm-pwr-key[501]: [VMM-PWR-KEY][vmm-pwr-key-main.c:vmm_pkey_hndl_client_msg():371] Client QC_PM request inject GVM_KEY_POWER to autoghgvm success
2025-08-30 12:32:05,108 - main domain - DEBUG - [ 1942.772948] sa8255-ivi vmm-pwr-key[501]: [VMM-PWR-KEY][vmm-pwr-key-main.c:handle_gunyah_kmod_uevent():718] Gunyah kmod: Action: change, VM name: autoghgvm, Event: suspended
2025-08-30 12:32:05,113 - main domain - DEBUG - [ 1942.773333] sa8255-ivi vmm_service[2149]: [VMM-DRV][vmm_udev.c:handle_gunyah_mod_uevent():43] Gunyah kmod: Action: change, VM name: autoghgvm, Event: suspended
2025-08-30 12:32:05,115 - main domain - DEBUG - [ 1942.774236] sa8255-ivi vmm-pwr-key[501]: [VMM-PWR-KEY][vmm-pwr-key-main.c:vmm_pkey_hndl_client_msg():371] Client QC_PM request inject GVM_KEY_POWER to autoghgvmlv success
2025-08-30 12:32:05,116 - main domain - DEBUG - [ 1946.016116][  T832] vfio-platform 1.vfio_kgsl: kiumd_manage_runtime_pm: Operation(0) failed with err=-22
2025-08-30 12:32:05,116 - main domain - DEBUG - [ 1945.959419] sa8255-ivi systemd[1]: Starting qcx_server Sleep Notifier...
2025-08-30 12:32:05,117 - main domain - DEBUG - [ 1945.962036] sa8255-ivi systemd[1]: Starting weston Sleep Notifier...
2025-08-30 12:32:05,118 - main domain - DEBUG - [ 1945.974461] sa8255-ivi systemd[1]: Finished weston Sleep Notifier.
2025-08-30 12:32:05,119 - main domain - DEBUG - [ 1945.869460] sa8255-ivi vmm_service[2149]: [VMM-DRV][vmm_udev.c:handle_gunyah_mod_uevent():43] Gunyah kmod: Action: change, VM name: autoghgvmlv, Event: suspended
2025-08-30 12:32:05,119 - main domain - DEBUG - [ 1945.869741] sa8255-ivi vmm-pwr-key[501]: [VMM-PWR-KEY][vmm-pwr-key-main.c:handle_gunyah_kmod_uevent():718] Gunyah kmod: Action: change, VM name: autoghgvmlv, Event: suspended
2025-08-30 12:32:05,120 - main domain - DEBUG - [ 1945.975684] sa8255-ivi systemd[1]: Starting audio-umd Sleep Notifier...
2025-08-30 12:32:05,121 - main domain - DEBUG - [ 1945.977483] sa8255-ivi systemd[1]: Starting awe-audio Sleep Notifier...
2025-08-30 12:32:05,122 - main domain - DEBUG - [ 1945.979889] sa8255-ivi systemd[1]: Starting eva Sleep Notifier...
2025-08-30 12:32:05,123 - main domain - DEBUG - [ 1945.982329] sa8255-ivi systemd[1]: Starting gpce Sleep Notifier...
2025-08-30 12:32:05,126 - main domain - DEBUG - [ 1945.984281] sa8255-ivi systemd[1]: Starting kgsl Sleep Notifier...
2025-08-30 12:32:05,127 - main domain - DEBUG - [ 1945.986568] sa8255-ivi systemd[1]: Starting notify_aop Sleep Notifier...
2025-08-30 12:32:05,127 - main domain - DEBUG - [ 1945.989360] sa8255-ivi systemd[1]: Starting openwfd_server_0 Sleep Notifier...
2025-08-30 12:32:05,128 - main domain - DEBUG - [ 1945.992141] sa8255-ivi systemd[1]: Starting openwfd_server_1 Sleep Notifier...
2025-08-30 12:32:05,128 - main domain - DEBUG - [ 1945.993668] sa8255-ivi systemd[1]: Starting qseecomd Sleep Notifier...
2025-08-30 12:32:05,128 - main domain - DEBUG - [ 1945.995992] sa8255-ivi systemd[1]: Starting sail-mailbox Sleep Notifier...
2025-08-30 12:32:05,129 - main domain - DEBUG - [ 1945.998549] sa8255-ivi systemd[1]: Starting video-driver Sleep Notifier...
2025-08-30 12:32:05,129 - main domain - DEBUG - [ 1945.959419] sa8255-ivi systemd[1]: Starting qcx_server Sleep Notifier...
2025-08-30 12:32:05,129 - main domain - DEBUG - [ 1945.962036] sa8255-ivi systemd[1]: Starting weston Sleep Notifier...
2025-08-30 12:32:05,129 - main domain - DEBUG - [ 1945.974461] sa8255-ivi systemd[1]: Finished weston Sleep Notifier.
2025-08-30 12:32:05,130 - main domain - DEBUG - [ 1945.975684] sa8255-ivi systemd[1]: Starting audio-umd Sleep Notifier...
2025-08-30 12:32:05,130 - main domain - DEBUG - [ 1946.020330] sa8255-ivi systemd[1]: Condition check resulted in audio-umd Sleep Notifier being skipped.
2025-08-30 12:32:05,130 - main domain - DEBUG - [ 1945.977483] sa8255-ivi systemd[1]: Starting awe-audio Sleep Notifier...
2025-08-30 12:32:05,131 - main domain - DEBUG - [ 1945.979889] sa8255-ivi systemd[1]: Starting eva Sleep Notifier...
2025-08-30 12:32:05,131 - main domain - DEBUG - [ 1945.982329] sa8255-ivi systemd[1]: Starting gpce Sleep Notifier...
2025-08-30 12:32:05,131 - main domain - DEBUG - [ 1945.984281] sa8255-ivi systemd[1]: Starting kgsl Sleep Notifier...
2025-08-30 12:32:05,131 - main domain - DEBUG - [ 1945.986568] sa8255-ivi systemd[1]: Starting notify_aop Sleep Notifier...
2025-08-30 12:32:05,132 - main domain - DEBUG - [ 1945.989360] sa8255-ivi systemd[1]: Starting openwfd_server_0 Sleep Notifier...
2025-08-30 12:32:05,132 - main domain - DEBUG - [ 1945.992141] sa8255-ivi systemd[1]: Starting openwfd_server_1 Sleep Notifier...
2025-08-30 12:32:05,132 - main domain - DEBUG - [ 1945.993668] sa8255-ivi systemd[1]: Starting qseecomd Sleep Notifier...
2025-08-30 12:32:05,133 - main domain - DEBUG - [ 1945.995992] sa8255-ivi systemd[1]: Starting sail-mailbox Sleep Notifier...
2025-08-30 12:32:05,133 - main domain - DEBUG - [ 1945.998549] sa8255-ivi systemd[1]: Starting video-driver Sleep Notifier...
2025-08-30 12:32:05,133 - main domain - DEBUG - [ 1946.022942] sa8255-ivi systemd[1]: Finished gpce Sleep Notifier.
2025-08-30 12:32:05,133 - main domain - DEBUG - [ 1946.024945] sa8255-ivi systemd[1]: Finished kgsl Sleep Notifier.
2025-08-30 12:32:05,134 - main domain - DEBUG - [ 1945.959419] sa8255-ivi systemd[1]: Starting qcx_server Sleep Notifier...
2025-08-30 12:32:05,134 - main domain - DEBUG - [ 1945.962036] sa8255-ivi systemd[1]: Starting weston Sleep Notifier...
2025-08-30 12:32:05,134 - main domain - DEBUG - [ 1945.974461] sa8255-ivi systemd[1]: Finished weston Sleep Notifier.
2025-08-30 12:32:05,135 - main domain - DEBUG - [ 1945.975684] sa8255-ivi systemd[1]: Starting audio-umd Sleep Notifier...
2025-08-30 12:32:05,135 - main domain - DEBUG - [ 1945.977483] sa8255-ivi systemd[1]: Starting awe-audio Sleep Notifier...
2025-08-30 12:32:05,135 - main domain - DEBUG - [ 1945.979889] sa8255-ivi systemd[1]: Starting eva Sleep Notifier...
2025-08-30 12:32:05,136 - main domain - DEBUG - [ 1945.982329] sa8255-ivi systemd[1]: Starting gpce Sleep Notifier...
2025-08-30 12:32:05,136 - main domain - DEBUG - [ 1945.984281] sa8255-ivi systemd[1]: Starting kgsl Sleep Notifier...
2025-08-30 12:32:05,136 - main domain - DEBUG - [ 1945.986568] sa8255-ivi systemd[1]: Starting notify_aop Sleep Notifier...
2025-08-30 12:32:05,137 - main domain - DEBUG - [ 1945.989360] sa8255-ivi systemd[1]: Starting openwfd_server_0 Sleep Notifier...
2025-08-30 12:32:05,137 - main domain - DEBUG - [ 1946.025998] sa8255-ivi systemd[1]: Finished notify_aop Sleep Notifier.
2025-08-30 12:32:05,137 - main domain - DEBUG - [ 1946.026086] sa8255-ivi systemd[1]: Finished openwfd_server_1 Sleep Notifier.
2025-08-30 12:32:05,137 - main domain - DEBUG - [ 1946.026192] sa8255-ivi systemd[1]: Finished qseecomd Sleep Notifier.
2025-08-30 12:32:05,143 - main domain - DEBUG - [ 1946.026823] sa8255-ivi systemd[1]: Finished video-driver Sleep Notifier.
2025-08-30 12:32:05,144 - main domain - DEBUG - [ 1946.027387] sa8255-ivi systemd[1]: Finished sail-mailbox Sleep Notifier.
2025-08-30 12:32:05,144 - main domain - DEBUG - [ 1945.992141] sa8255-ivi systemd[1]: Starting openwfd_server_1 Sleep Notifier...
2025-08-30 12:32:05,144 - main domain - DEBUG - [ 1945.993668] sa8255-ivi systemd[1]: Starting qseecomd Sleep Notifier...
2025-08-30 12:32:05,145 - main domain - DEBUG - [ 1945.995992] sa8255-ivi systemd[1]: Starting sail-mailbox Sleep Notifier...
2025-08-30 12:32:05,145 - main domain - DEBUG - [ 1945.998549] sa8255-ivi systemd[1]: Starting video-driver Sleep Notifier...
2025-08-30 12:32:05,145 - main domain - DEBUG - [ 1946.038443] sa8255-ivi systemd[1]: Finished awe-audio Sleep Notifier.
2025-08-30 12:32:05,146 - main domain - DEBUG - [ 1946.020330] sa8255-ivi systemd[1]: Condition check resulted in audio-umd Sleep Notifier being skipped.
2025-08-30 12:32:05,146 - main domain - DEBUG - [ 1946.020330] sa8255-ivi systemd[1]: Condition check resulted in audio-umd Sleep Notifier being skipped.
2025-08-30 12:32:05,147 - main domain - DEBUG - [ 1945.959419] sa8255-ivi systemd[1]: Starting qcx_server Sleep Notifier...
2025-08-30 12:32:05,147 - main domain - DEBUG - [ 1945.959419] sa8255-ivi systemd[1]: Starting qcx_server Sleep Notifier...
2025-08-30 12:32:05,147 - main domain - DEBUG - [ 1946.062235] sa8255-ivi systemd[1]: Finished eva Sleep Notifier.
2025-08-30 12:32:05,148 - main domain - DEBUG - [ 1945.962036] sa8255-ivi systemd[1]: Starting weston Sleep Notifier...
2025-08-30 12:32:05,148 - main domain - DEBUG - [ 1946.022942] sa8255-ivi systemd[1]: Finished gpce Sleep Notifier.
2025-08-30 12:32:05,149 - main domain - DEBUG - [ 1946.022942] sa8255-ivi systemd[1]: Finished gpce Sleep Notifier.
2025-08-30 12:32:05,149 - main domain - DEBUG - [ 1945.962036] sa8255-ivi systemd[1]: Starting weston Sleep Notifier...
2025-08-30 12:32:05,149 - main domain - DEBUG - [ 1946.063201] sa8255-ivi systemd[1]: Finished qcx_server Sleep Notifier.
2025-08-30 12:32:05,150 - main domain - DEBUG - [ 1945.974461] sa8255-ivi systemd[1]: Finished weston Sleep Notifier.
2025-08-30 12:32:05,150 - main domain - DEBUG - [ 1946.024945] sa8255-ivi systemd[1]: Finished kgsl Sleep Notifier.
2025-08-30 12:32:05,151 - main domain - DEBUG - [ 1946.024945] sa8255-ivi systemd[1]: Finished kgsl Sleep Notifier.
2025-08-30 12:32:05,153 - main domain - DEBUG - [ 1945.974461] sa8255-ivi systemd[1]: Finished weston Sleep Notifier.
2025-08-30 12:32:05,155 - main domain - DEBUG - [ 1945.975684] sa8255-ivi systemd[1]: Starting audio-umd Sleep Notifier...
2025-08-30 12:32:05,156 - main domain - DEBUG - [ 1946.025998] sa8255-ivi systemd[1]: Finished notify_aop Sleep Notifier.
2025-08-30 12:32:05,156 - main domain - DEBUG - [ 1946.025998] sa8255-ivi systemd[1]: Finished notify_aop Sleep Notifier.
2025-08-30 12:32:05,156 - main domain - DEBUG - [ 1945.975684] sa8255-ivi systemd[1]: Starting audio-umd Sleep Notifier...
2025-08-30 12:32:05,157 - main domain - DEBUG - [ 1945.977483] sa8255-ivi systemd[1]: Starting awe-audio Sleep Notifier...
2025-08-30 12:32:05,157 - main domain - DEBUG - [ 1946.026086] sa8255-ivi systemd[1]: Finished openwfd_server_1 Sleep Notifier.
2025-08-30 12:32:05,157 - main domain - DEBUG - [ 1946.026086] sa8255-ivi systemd[1]: Finished openwfd_server_1 Sleep Notifier.
2025-08-30 12:32:05,158 - main domain - DEBUG - [ 1945.977483] sa8255-ivi systemd[1]: Starting awe-audio Sleep Notifier...
2025-08-30 12:32:05,158 - main domain - DEBUG - [ 1945.979889] sa8255-ivi systemd[1]: Starting eva Sleep Notifier...
2025-08-30 12:32:05,158 - main domain - DEBUG - [ 1946.026192] sa8255-ivi systemd[1]: Finished qseecomd Sleep Notifier.
2025-08-30 12:32:05,158 - main domain - DEBUG - [ 1946.026192] sa8255-ivi systemd[1]: Finished qseecomd Sleep Notifier.
2025-08-30 12:32:05,159 - main domain - DEBUG - [ 1945.979889] sa8255-ivi systemd[1]: Starting eva Sleep Notifier...
2025-08-30 12:32:05,159 - main domain - DEBUG - [ 1945.982329] sa8255-ivi systemd[1]: Starting gpce Sleep Notifier...
2025-08-30 12:32:05,159 - main domain - DEBUG - [ 1946.026823] sa8255-ivi systemd[1]: Finished video-driver Sleep Notifier.
2025-08-30 12:32:05,159 - main domain - DEBUG - [ 1946.026823] sa8255-ivi systemd[1]: Finished video-driver Sleep Notifier.
2025-08-30 12:32:05,160 - main domain - DEBUG - [ 1945.982329] sa8255-ivi systemd[1]: Starting gpce Sleep Notifier...
2025-08-30 12:32:05,160 - main domain - DEBUG - [ 1945.984281] sa8255-ivi systemd[1]: Starting kgsl Sleep Notifier...
2025-08-30 12:32:05,160 - main domain - DEBUG - [ 1946.027387] sa8255-ivi systemd[1]: Finished sail-mailbox Sleep Notifier.
2025-08-30 12:32:05,161 - main domain - DEBUG - [ 1946.027387] sa8255-ivi systemd[1]: Finished sail-mailbox Sleep Notifier.
2025-08-30 12:32:05,161 - main domain - DEBUG - [ 1945.984281] sa8255-ivi systemd[1]: Starting kgsl Sleep Notifier...
2025-08-30 12:32:05,161 - main domain - DEBUG - [ 1945.986568] sa8255-ivi systemd[1]: Starting notify_aop Sleep Notifier...
2025-08-30 12:32:05,161 - main domain - DEBUG - [ 1946.038443] sa8255-ivi systemd[1]: Finished awe-audio Sleep Notifier.
2025-08-30 12:32:05,162 - main domain - DEBUG - [ 1945.986568] sa8255-ivi systemd[1]: Starting notify_aop Sleep Notifier...
2025-08-30 12:32:05,162 - main domain - DEBUG - [ 1946.038443] sa8255-ivi systemd[1]: Finished awe-audio Sleep Notifier.
2025-08-30 12:32:05,162 - main domain - DEBUG - [ 1945.989360] sa8255-ivi systemd[1]: Starting openwfd_server_0 Sleep Notifier...
2025-08-30 12:32:05,163 - main domain - DEBUG - [ 1946.062235] sa8255-ivi systemd[1]: Finished eva Sleep Notifier.
2025-08-30 12:32:05,163 - main domain - DEBUG - [ 1945.989360] sa8255-ivi systemd[1]: Starting openwfd_server_0 Sleep Notifier...
2025-08-30 12:32:05,163 - main domain - DEBUG - [ 1946.062235] sa8255-ivi systemd[1]: Finished eva Sleep Notifier.
2025-08-30 12:32:05,163 - main domain - DEBUG - [ 1945.992141] sa8255-ivi systemd[1]: Starting openwfd_server_1 Sleep Notifier...
2025-08-30 12:32:05,164 - main domain - DEBUG - [ 1946.063201] sa8255-ivi systemd[1]: Finished qcx_server Sleep Notifier.
2025-08-30 12:32:05,164 - main domain - DEBUG - [ 1945.992141] sa8255-ivi systemd[1]: Starting openwfd_server_1 Sleep Notifier...
2025-08-30 12:32:05,164 - main domain - DEBUG - [ 1946.063201] sa8255-ivi systemd[1]: Finished qcx_server Sleep Notifier.
2025-08-30 12:32:05,165 - main domain - DEBUG - [ 1945.993668] sa8255-ivi systemd[1]: Starting qseecomd Sleep Notifier...
2025-08-30 12:32:05,165 - main domain - DEBUG - [ 1945.993668] sa8255-ivi systemd[1]: Starting qseecomd Sleep Notifier...
2025-08-30 12:32:05,165 - main domain - DEBUG - [ 1945.995992] sa8255-ivi systemd[1]: Starting sail-mailbox Sleep Notifier...
2025-08-30 12:32:05,166 - main domain - DEBUG - [ 1945.995992] sa8255-ivi systemd[1]: Starting sail-mailbox Sleep Notifier...
2025-08-30 12:32:05,166 - main domain - DEBUG - [ 1945.998549] sa8255-ivi systemd[1]: Starting video-driver Sleep Notifier...
2025-08-30 12:32:05,166 - main domain - DEBUG - [ 1945.998549] sa8255-ivi systemd[1]: Starting video-driver Sleep Notifier...
2025-08-30 12:32:05,167 - main domain - DEBUG - [ 1946.020330] sa8255-ivi systemd[1]: Condition check resulted in audio-umd Sleep Notifier being skipped.
2025-08-30 12:32:05,167 - main domain - DEBUG - [ 1946.022942] sa8255-ivi systemd[1]: Finished gpce Sleep Notifier.
2025-08-30 12:32:05,167 - main domain - DEBUG - [ 1946.024945] sa8255-ivi systemd[1]: Finished kgsl Sleep Notifier.
2025-08-30 12:32:05,167 - main domain - DEBUG - [ 1946.025998] sa8255-ivi systemd[1]: Finished notify_aop Sleep Notifier.
2025-08-30 12:32:05,168 - main domain - DEBUG - [ 1946.026086] sa8255-ivi systemd[1]: Finished openwfd_server_1 Sleep Notifier.
2025-08-30 12:32:05,168 - main domain - DEBUG - [ 1946.026192] sa8255-ivi systemd[1]: Finished qseecomd Sleep Notifier.
2025-08-30 12:32:05,168 - main domain - DEBUG - [ 1946.026823] sa8255-ivi systemd[1]: Finished video-driver Sleep Notifier.
2025-08-30 12:32:05,169 - main domain - DEBUG - [ 1946.027387] sa8255-ivi systemd[1]: Finished sail-mailbox Sleep Notifier.
2025-08-30 12:32:05,169 - main domain - DEBUG - [ 1946.038443] sa8255-ivi systemd[1]: Finished awe-audio Sleep Notifier.
2025-08-30 12:32:05,169 - main domain - DEBUG - [ 1946.062235] sa8255-ivi systemd[1]: Finished eva Sleep Notifier.
2025-08-30 12:32:05,170 - main domain - DEBUG - [ 1946.063201] sa8255-ivi systemd[1]: Finished qcx_server Sleep Notifier.
2025-08-30 12:32:05,170 - main domain - DEBUG - [ 1946.020330] sa8255-ivi systemd[1]: Condition check resulted in audio-umd Sleep Notifier being skipped.
2025-08-30 12:32:05,170 - main domain - DEBUG - [ 1946.022942] sa8255-ivi systemd[1]: Finished gpce Sleep Notifier.
2025-08-30 12:32:05,171 - main domain - DEBUG - [ 1946.024945] sa8255-ivi systemd[1]: Finished kgsl Sleep Notifier.
2025-08-30 12:32:05,171 - main domain - DEBUG - [ 1946.025998] sa8255-ivi systemd[1]: Finished notify_aop Sleep Notifier.
2025-08-30 12:32:05,171 - main domain - DEBUG - [ 1946.026086] sa8255-ivi systemd[1]: Finished openwfd_server_1 Sleep Notifier.
2025-08-30 12:32:05,172 - main domain - DEBUG - [ 1946.026192] sa8255-ivi systemd[1]: Finished qseecomd Sleep Notifier.
2025-08-30 12:32:05,172 - main domain - DEBUG - [ 1946.026823] sa8255-ivi systemd[1]: Finished video-driver Sleep Notifier.
2025-08-30 12:32:05,173 - main domain - DEBUG - [ 1946.027387] sa8255-ivi systemd[1]: Finished sail-mailbox Sleep Notifier.
2025-08-30 12:32:05,173 - main domain - DEBUG - [ 1946.038443] sa8255-ivi systemd[1]: Finished awe-audio Sleep Notifier.
2025-08-30 12:32:05,173 - main domain - DEBUG - [ 1946.062235] sa8255-ivi systemd[1]: Finished eva Sleep Notifier.
2025-08-30 12:32:05,174 - main domain - DEBUG - [ 1946.063201] sa8255-ivi systemd[1]: Finished qcx_server Sleep Notifier.
2025-08-30 12:32:05,174 - main domain - DEBUG - [ 1947.098365][ T2648] qcom_scm_intf soc@0:scm_user_intf_device: scm ioctl failed for svc_id : 2 and cmd_id : 6 with ret : -22
2025-08-30 12:32:05,175 - main domain - DEBUG - [ 1947.102966][ T2647] qcom_scm_intf soc@0:scm_user_intf_device: scm ioctl failed for svc_id : 2 and cmd_id : 6 with ret : -22
2025-08-30 12:32:05,175 - main domain - DEBUG - [ 1947.105028][ T2649] qcom_scm_intf soc@0:scm_user_intf_device: scm ioctl failed for svc_id : 2 and cmd_id : 6 with ret : -22
2025-08-30 12:32:05,175 - main domain - DEBUG - [ 1947.108945][ T2646] qcom_scm_intf soc@0:scm_user_intf_device: scm ioctl failed for svc_id : 2 and cmd_id : 6 with ret : -22
2025-08-30 12:32:05,176 - main domain - DEBUG - [ 1947.163264][ T2604] smcinvoke: process_accept_req: Server id :17 interrupted probaby due to suspend, pid:2604
2025-08-30 12:32:05,176 - main domain - DEBUG - [ 1947.163279][ T2606] smcinvoke: process_accept_req: Server id :17 interrupted probaby due to suspend, pid:2606
2025-08-30 12:32:05,177 - main domain - DEBUG - [ 1947.163286][ T2607] smcinvoke: process_accept_req: Server id :17 interrupted probaby due to suspend, pid:2607
2025-08-30 12:32:05,177 - main domain - DEBUG - [ 1947.163293][ T2615] smcinvoke: process_accept_req: Server id :18 interrupted probaby due to suspend, pid:2615
2025-08-30 12:32:05,177 - main domain - DEBUG - [ 1947.163310][ T2617] smcinvoke: process_accept_req: Server id :18 interrupted probaby due to suspend, pid:2617
2025-08-30 12:32:05,178 - main domain - DEBUG - [ 1947.163343][ T2618] smcinvoke: process_accept_req: Server id :18 interrupted probaby due to suspend, pid:2618
2025-08-30 12:32:05,178 - main domain - DEBUG - [ 1947.163358][ T2616] smcinvoke: process_accept_req: Server id :18 interrupted probaby due to suspend, pid:2616
2025-08-30 12:32:05,179 - main domain - DEBUG - [ 1947.163370][ T2630] smcinvoke: process_accept_req: Server id :20 interrupted probaby due to suspend, pid:2630
2025-08-30 12:32:05,179 - main domain - DEBUG - [ 1947.163380][ T2631] smcinvoke: process_accept_req: Server id :20 interrupted probaby due to suspend, pid:2631
2025-08-30 12:32:05,179 - main domain - DEBUG - [ 1947.163391][ T2634] smcinvoke: process_accept_req: Server id :20 interrupted probaby due to suspend, pid:2634
2025-08-30 12:32:05,180 - main domain - DEBUG - [ 1947.232380][T131513] qcom_ethqos_exit disconnect phy
2025-08-30 12:32:34,247 - main domain - DEBUG - Connected to adb IP: 192.168.1.1 Successfully
2025-08-30 12:32:36,335 - main domain - DEBUG - ==============Restarted adb as root===============
2025-08-30 12:32:50,650 - main domain - DEBUG - systemctl --failed --no-pager
2025-08-30 12:32:50,651 - main domain - DEBUG - [0m [0m[0m UNIT[0m[0m LOAD[0m[0m ACTIVE[0m[0m SUB[0m[0m DESCRIPTION[0m
2025-08-30 12:32:50,652 - main domain - DEBUG - 0 loaded units listed.
2025-08-30 12:32:50,652 - main domain - DEBUG - ~ #
2025-08-30 12:32:50,653 - main domain - DEBUG - ~ #
2025-08-30 12:32:54,948 - main domain - DEBUG - root
2025-08-30 12:32:54,949 - main domain - DEBUG - /bin/sh: root: not found
2025-08-30 12:32:54,950 - main domain - DEBUG - ~ #
2025-08-30 12:32:54,954 - main domain - DEBUG - ~ # systemctl --failed --no-pager
2025-08-30 12:32:54,955 - main domain - DEBUG - [0m [0m[0m UNIT[0m[0m LOAD[0m[0m ACTIVE[0m[0m SUB[0m[0m DESCRIPTION[0m
2025-08-30 12:32:54,956 - main domain - DEBUG - 0 loaded units listed.
2025-08-30 12:32:54,957 - main domain - DEBUG - ~ #
2025-08-30 12:32:54,957 - main domain - DEBUG - ~ #
2025-08-30 12:32:56,963 - main domain - DEBUG - microcom /dev/hvc5

2025-08-30 12:32:56,996 - main domain - DEBUG - ~ #  grep autoghgvm_lv &
~ # 
~ # ournalctl --output=short-monotonic -f | grep "Failed to start" &
2025-08-30 12:32:59,156 - main domain - DEBUG - grep autoghgvm_lv
2025-08-30 12:32:59,158 - main domain - DEBUG - ~ #
2025-08-30 12:32:59,159 - main domain - DEBUG - ~ # journalctl --output=short-monotonic -f | grep "Notifier" &
2025-08-30 12:32:59,160 - main domain - DEBUG - ~ #
2025-08-30 12:32:59,161 - main domain - DEBUG - ~ # powercyclemgr_test SET 100
2025-08-30 12:32:59,162 - main domain - DEBUG - [ 1992.393429] sa8255-ivi vmm-pwr-key[501]: [VMM-PWR-KEY][vmm-pwr-key-main.c:vmm_pkey_hndl_client_msg():371] Client QC_PM request inject GVM_KEY_POWER to autoghgvm success
2025-08-30 12:33:15,993 - main domain - DEBUG - [ 2004.660832] sa8255-ivi vmm_service[2149]: [VMM-DRV][vmm_udev.c:handle_gunyah_mod_uevent():43] Gunyah kmod: Action: change, VM name: autoghgvm, Event: suspended
2025-08-30 12:33:15,994 - main domain - DEBUG - [ 2004.661788] sa8255-ivi vmm-pwr-key[501]: [VMM-PWR-KEY][vmm-pwr-key-main.c:handle_gunyah_kmod_uevent():718] Gunyah kmod: Action: change, VM name: autoghgvm, Event: suspended
2025-08-30 12:33:15,995 - main domain - DEBUG - [ 2004.661955] sa8255-ivi vmm-pwr-key[501]: [VMM-PWR-KEY][vmm-pwr-key-main.c:vmm_pkey_hndl_client_msg():371] Client QC_PM request inject GVM_KEY_POWER to autoghgvmlv success
2025-08-30 12:33:15,996 - main domain - DEBUG - [ 2007.943041][  T832] vfio-platform 1.vfio_kgsl: kiumd_manage_runtime_pm: Operation(0) failed with err=-22
2025-08-30 12:33:15,997 - main domain - DEBUG - [ 2007.781247] sa8255-ivi vmm_service[2149]: [VMM-DRV][vmm_udev.c:handle_gunyah_mod_uevent():43] Gunyah kmod: Action: change, VM name: autoghgvmlv, Event: suspended
2025-08-30 12:33:15,998 - main domain - DEBUG - [ 2007.783442] sa8255-ivi vmm-pwr-key[501]: [VMM-PWR-KEY][vmm-pwr-key-main.c:handle_gunyah_kmod_uevent():718] Gunyah kmod: Action: change, VM name: autoghgvmlv, Event: suspended
2025-08-30 12:33:15,999 - main domain - DEBUG - [ 2007.872822] sa8255-ivi systemd[1]: Starting qcx_server Sleep Notifier...
2025-08-30 12:33:16,001 - main domain - DEBUG - [ 2007.875142] sa8255-ivi systemd[1]: Starting weston Sleep Notifier...
2025-08-30 12:33:16,001 - main domain - DEBUG - [ 2007.872822] sa8255-ivi systemd[1]: Starting qcx_server Sleep Notifier...
2025-08-30 12:33:16,002 - main domain - DEBUG - [ 2007.875142] sa8255-ivi systemd[1]: Starting weston Sleep Notifier...
2025-08-30 12:33:16,003 - main domain - DEBUG - [ 2007.884287] sa8255-ivi systemd[1]: Finished weston Sleep Notifier.
2025-08-30 12:33:16,004 - main domain - DEBUG - [ 2007.887731] sa8255-ivi systemd[1]: Starting audio-umd Sleep Notifier...
2025-08-30 12:33:16,005 - main domain - DEBUG - [ 2007.889914] sa8255-ivi systemd[1]: Starting awe-audio Sleep Notifier...
2025-08-30 12:33:16,006 - main domain - DEBUG - [ 2007.892041] sa8255-ivi systemd[1]: Starting eva Sleep Notifier...
2025-08-30 12:33:16,006 - main domain - DEBUG - [ 2007.894246] sa8255-ivi systemd[1]: Starting gpce Sleep Notifier...
2025-08-30 12:33:16,007 - main domain - DEBUG - [ 2007.899888] sa8255-ivi systemd[1]: Starting kgsl Sleep Notifier...
2025-08-30 12:33:16,008 - main domain - DEBUG - [ 2007.900616] sa8255-ivi systemd[1]: Starting notify_aop Sleep Notifier...
2025-08-30 12:33:16,009 - main domain - DEBUG - [ 2007.872822] sa8255-ivi systemd[1]: Starting qcx_server Sleep Notifier...
2025-08-30 12:33:16,010 - main domain - DEBUG - [ 2007.875142] sa8255-ivi systemd[1]: Starting weston Sleep Notifier...
2025-08-30 12:33:16,010 - main domain - DEBUG - [ 2007.884287] sa8255-ivi systemd[1]: Finished weston Sleep Notifier.
2025-08-30 12:33:16,011 - main domain - DEBUG - [ 2007.887731] sa8255-ivi systemd[1]: Starting audio-umd Sleep Notifier...
2025-08-30 12:33:16,012 - main domain - DEBUG - [ 2007.889914] sa8255-ivi systemd[1]: Starting awe-audio Sleep Notifier...
2025-08-30 12:33:16,012 - main domain - DEBUG - [ 2007.892041] sa8255-ivi systemd[1]: Starting eva Sleep Notifier...
2025-08-30 12:33:16,013 - main domain - DEBUG - [ 2007.894246] sa8255-ivi systemd[1]: Starting gpce Sleep Notifier...
2025-08-30 12:33:16,013 - main domain - DEBUG - [ 2007.899888] sa8255-ivi systemd[1]: Starting kgsl Sleep Notifier...
2025-08-30 12:33:16,013 - main domain - DEBUG - [ 2007.900616] sa8255-ivi systemd[1]: Starting notify_aop Sleep Notifier...
2025-08-30 12:33:16,014 - main domain - DEBUG - [ 2007.884287] sa8255-ivi systemd[1]: Finished weston Sleep Notifier.
2025-08-30 12:33:16,014 - main domain - DEBUG - [ 2007.901274] sa8255-ivi systemd[1]: Starting openwfd_server_0 Sleep Notifier...
2025-08-30 12:33:16,014 - main domain - DEBUG - [ 2007.887731] sa8255-ivi systemd[1]: Starting audio-umd Sleep Notifier...
2025-08-30 12:33:16,015 - main domain - DEBUG - [ 2007.903361] sa8255-ivi systemd[1]: Starting openwfd_server_1 Sleep Notifier...
2025-08-30 12:33:16,015 - main domain - DEBUG - [ 2007.889914] sa8255-ivi systemd[1]: Starting awe-audio Sleep Notifier...
2025-08-30 12:33:16,015 - main domain - DEBUG - [ 2007.892041] sa8255-ivi systemd[1]: Starting eva Sleep Notifier...
2025-08-30 12:33:16,016 - main domain - DEBUG - [ 2007.894246] sa8255-ivi systemd[1]: Starting gpce Sleep Notifier...
2025-08-30 12:33:16,016 - main domain - DEBUG - [ 2007.899888] sa8255-ivi systemd[1]: Starting kgsl Sleep Notifier...
2025-08-30 12:33:16,016 - main domain - DEBUG - [ 2007.900616] sa8255-ivi systemd[1]: Starting notify_aop Sleep Notifier...
2025-08-30 12:33:16,017 - main domain - DEBUG - [ 2007.905562] sa8255-ivi systemd[1]: Starting qseecomd Sleep Notifier...
2025-08-30 12:33:16,017 - main domain - DEBUG - [ 2007.907680] sa8255-ivi systemd[1]: Starting sail-mailbox Sleep Notifier...
2025-08-30 12:33:16,017 - main domain - DEBUG - [ 2007.909830] sa8255-ivi systemd[1]: Starting video-driver Sleep Notifier...
2025-08-30 12:33:16,017 - main domain - DEBUG - [ 2007.901274] sa8255-ivi systemd[1]: Starting openwfd_server_0 Sleep Notifier...
2025-08-30 12:33:16,018 - main domain - DEBUG - [ 2007.903361] sa8255-ivi systemd[1]: Starting openwfd_server_1 Sleep Notifier...
2025-08-30 12:33:16,018 - main domain - DEBUG - [ 2007.905562] sa8255-ivi systemd[1]: Starting qseecomd Sleep Notifier...
2025-08-30 12:33:16,018 - main domain - DEBUG - [ 2007.907680] sa8255-ivi systemd[1]: Starting sail-mailbox Sleep Notifier...
2025-08-30 12:33:16,019 - main domain - DEBUG - [ 2007.909830] sa8255-ivi systemd[1]: Starting video-driver Sleep Notifier...
2025-08-30 12:33:16,019 - main domain - DEBUG - [ 2007.931369] sa8255-ivi systemd[1]: Condition check resulted in audio-umd Sleep Notifier being skipped.
2025-08-30 12:33:16,020 - main domain - DEBUG - [ 2007.933260] sa8255-ivi systemd[1]: Finished gpce Sleep Notifier.
2025-08-30 12:33:16,020 - main domain - DEBUG - [ 2007.931369] sa8255-ivi systemd[1]: Condition check resulted in audio-umd Sleep Notifier being skipped.
2025-08-30 12:33:16,020 - main domain - DEBUG - [ 2007.933260] sa8255-ivi systemd[1]: Finished gpce Sleep Notifier.
2025-08-30 12:33:16,020 - main domain - DEBUG - [ 2007.934859] sa8255-ivi systemd[1]: Finished notify_aop Sleep Notifier.
2025-08-30 12:33:16,021 - main domain - DEBUG - [ 2007.934945] sa8255-ivi systemd[1]: Finished openwfd_server_1 Sleep Notifier.
2025-08-30 12:33:16,023 - main domain - DEBUG - [ 2007.935060] sa8255-ivi systemd[1]: Finished qseecomd Sleep Notifier.
2025-08-30 12:33:16,026 - main domain - DEBUG - [ 2007.935625] sa8255-ivi systemd[1]: Finished video-driver Sleep Notifier.
2025-08-30 12:33:16,027 - main domain - DEBUG - [ 2007.937826] sa8255-ivi systemd[1]: Finished sail-mailbox Sleep Notifier.
2025-08-30 12:33:16,027 - main domain - DEBUG - [ 2007.934859] sa8255-ivi systemd[1]: Finished notify_aop Sleep Notifier.
2025-08-30 12:33:16,028 - main domain - DEBUG - [ 2007.934945] sa8255-ivi systemd[1]: Finished openwfd_server_1 Sleep Notifier.
2025-08-30 12:33:16,028 - main domain - DEBUG - [ 2007.935060] sa8255-ivi systemd[1]: Finished qseecomd Sleep Notifier.
2025-08-30 12:33:16,028 - main domain - DEBUG - [ 2007.935625] sa8255-ivi systemd[1]: Finished video-driver Sleep Notifier.
2025-08-30 12:33:16,029 - main domain - DEBUG - [ 2007.941543] sa8255-ivi systemd[1]: Finished kgsl Sleep Notifier.
2025-08-30 12:33:16,029 - main domain - DEBUG - [ 2007.937826] sa8255-ivi systemd[1]: Finished sail-mailbox Sleep Notifier.
2025-08-30 12:33:16,030 - main domain - DEBUG - [ 2007.901274] sa8255-ivi systemd[1]: Starting openwfd_server_0 Sleep Notifier...
2025-08-30 12:33:16,030 - main domain - DEBUG - [ 2007.872822] sa8255-ivi systemd[1]: Starting qcx_server Sleep Notifier...
2025-08-30 12:33:16,030 - main domain - DEBUG - [ 2007.872822] sa8255-ivi systemd[1]: Starting qcx_server Sleep Notifier...
2025-08-30 12:33:16,030 - main domain - DEBUG - [ 2007.872822] sa8255-ivi systemd[1]: Starting qcx_server Sleep Notifier...
2025-08-30 12:33:16,031 - main domain - DEBUG - [ 2007.945032] sa8255-ivi systemd[1]: Finished awe-audio Sleep Notifier.
2025-08-30 12:33:16,031 - main domain - DEBUG - [ 2007.903361] sa8255-ivi systemd[1]: Starting openwfd_server_1 Sleep Notifier...
2025-08-30 12:33:16,031 - main domain - DEBUG - [ 2007.875142] sa8255-ivi systemd[1]: Starting weston Sleep Notifier...
2025-08-30 12:33:16,032 - main domain - DEBUG - [ 2007.941543] sa8255-ivi systemd[1]: Finished kgsl Sleep Notifier.
2025-08-30 12:33:16,032 - main domain - DEBUG - [ 2007.875142] sa8255-ivi systemd[1]: Starting weston Sleep Notifier...
2025-08-30 12:33:16,032 - main domain - DEBUG - [ 2007.875142] sa8255-ivi systemd[1]: Starting weston Sleep Notifier...
2025-08-30 12:33:16,033 - main domain - DEBUG - [ 2007.966200] sa8255-ivi systemd[1]: Finished qcx_server Sleep Notifier.
2025-08-30 12:33:16,033 - main domain - DEBUG - [ 2007.905562] sa8255-ivi systemd[1]: Starting qseecomd Sleep Notifier...
2025-08-30 12:33:16,033 - main domain - DEBUG - [ 2007.884287] sa8255-ivi systemd[1]: Finished weston Sleep Notifier.
2025-08-30 12:33:16,034 - main domain - DEBUG - [ 2007.945032] sa8255-ivi systemd[1]: Finished awe-audio Sleep Notifier.
2025-08-30 12:33:16,035 - main domain - DEBUG - [ 2007.884287] sa8255-ivi systemd[1]: Finished weston Sleep Notifier.
2025-08-30 12:33:16,035 - main domain - DEBUG - [ 2007.884287] sa8255-ivi systemd[1]: Finished weston Sleep Notifier.
2025-08-30 12:33:16,035 - main domain - DEBUG - [ 2007.970958] sa8255-ivi systemd[1]: Finished eva Sleep Notifier.
2025-08-30 12:33:16,036 - main domain - DEBUG - [ 2007.907680] sa8255-ivi systemd[1]: Starting sail-mailbox Sleep Notifier...
2025-08-30 12:33:16,036 - main domain - DEBUG - [ 2007.887731] sa8255-ivi systemd[1]: Starting audio-umd Sleep Notifier...
2025-08-30 12:33:16,036 - main domain - DEBUG - [ 2007.966200] sa8255-ivi systemd[1]: Finished qcx_server Sleep Notifier.
2025-08-30 12:33:16,037 - main domain - DEBUG - [ 2007.887731] sa8255-ivi systemd[1]: Starting audio-umd Sleep Notifier...
2025-08-30 12:33:16,037 - main domain - DEBUG - [ 2007.887731] sa8255-ivi systemd[1]: Starting audio-umd Sleep Notifier...
2025-08-30 12:33:16,037 - main domain - DEBUG - [ 2007.909830] sa8255-ivi systemd[1]: Starting video-driver Sleep Notifier...
2025-08-30 12:33:16,038 - main domain - DEBUG - [ 2007.889914] sa8255-ivi systemd[1]: Starting awe-audio Sleep Notifier...
2025-08-30 12:33:16,043 - main domain - DEBUG - [ 2007.970958] sa8255-ivi systemd[1]: Finished eva Sleep Notifier.
2025-08-30 12:33:16,044 - main domain - DEBUG - [ 2007.889914] sa8255-ivi systemd[1]: Starting awe-audio Sleep Notifier...
2025-08-30 12:33:16,044 - main domain - DEBUG - [ 2007.889914] sa8255-ivi systemd[1]: Starting awe-audio Sleep Notifier...
2025-08-30 12:33:16,045 - main domain - DEBUG - [ 2007.931369] sa8255-ivi systemd[1]: Condition check resulted in audio-umd Sleep Notifier being skipped.
2025-08-30 12:33:16,045 - main domain - DEBUG - [ 2007.892041] sa8255-ivi systemd[1]: Starting eva Sleep Notifier...
2025-08-30 12:33:16,045 - main domain - DEBUG - [ 2007.892041] sa8255-ivi systemd[1]: Starting eva Sleep Notifier...
2025-08-30 12:33:16,046 - main domain - DEBUG - [ 2007.892041] sa8255-ivi systemd[1]: Starting eva Sleep Notifier...
2025-08-30 12:33:16,047 - main domain - DEBUG - [ 2007.894246] sa8255-ivi systemd[1]: Starting gpce Sleep Notifier...
2025-08-30 12:33:16,047 - main domain - DEBUG - [ 2007.894246] sa8255-ivi systemd[1]: Starting gpce Sleep Notifier...
2025-08-30 12:33:16,048 - main domain - DEBUG - [ 2007.933260] sa8255-ivi systemd[1]: Finished gpce Sleep Notifier.
2025-08-30 12:33:16,048 - main domain - DEBUG - [ 2007.894246] sa8255-ivi systemd[1]: Starting gpce Sleep Notifier...
2025-08-30 12:33:16,048 - main domain - DEBUG - [ 2007.899888] sa8255-ivi systemd[1]: Starting kgsl Sleep Notifier...
2025-08-30 12:33:16,049 - main domain - DEBUG - [ 2007.899888] sa8255-ivi systemd[1]: Starting kgsl Sleep Notifier...
2025-08-30 12:33:16,049 - main domain - DEBUG - [ 2007.934859] sa8255-ivi systemd[1]: Finished notify_aop Sleep Notifier.
2025-08-30 12:33:16,049 - main domain - DEBUG - [ 2007.899888] sa8255-ivi systemd[1]: Starting kgsl Sleep Notifier...
2025-08-30 12:33:16,049 - main domain - DEBUG - [ 2007.900616] sa8255-ivi systemd[1]: Starting notify_aop Sleep Notifier...
2025-08-30 12:33:16,050 - main domain - DEBUG - [ 2007.900616] sa8255-ivi systemd[1]: Starting notify_aop Sleep Notifier...
2025-08-30 12:33:16,052 - main domain - DEBUG - [ 2007.934945] sa8255-ivi systemd[1]: Finished openwfd_server_1 Sleep Notifier.
2025-08-30 12:33:16,057 - main domain - DEBUG - [ 2007.900616] sa8255-ivi systemd[1]: Starting notify_aop Sleep Notifier...
2025-08-30 12:33:16,062 - main domain - DEBUG - [ 2007.901274] sa8255-ivi systemd[1]: Starting openwfd_server_0 Sleep Notifier...
2025-08-30 12:33:16,066 - main domain - DEBUG - [ 2007.901274] sa8255-ivi systemd[1]: Starting openwfd_server_0 Sleep Notifier...
2025-08-30 12:33:16,067 - main domain - DEBUG - [ 2007.935060] sa8255-ivi systemd[1]: Finished qseecomd Sleep Notifier.
2025-08-30 12:33:16,070 - main domain - DEBUG - [ 2007.903361] sa8255-ivi systemd[1]: Starting openwfd_server_1 Sleep Notifier...
2025-08-30 12:33:16,074 - main domain - DEBUG - [ 2007.901274] sa8255-ivi systemd[1]: Starting openwfd_server_0 Sleep Notifier...
2025-08-30 12:33:16,074 - main domain - DEBUG - [ 2007.903361] sa8255-ivi systemd[1]: Starting openwfd_server_1 Sleep Notifier...
2025-08-30 12:33:16,075 - main domain - DEBUG - [ 2007.935625] sa8255-ivi systemd[1]: Finished video-driver Sleep Notifier.
2025-08-30 12:33:16,075 - main domain - DEBUG - [ 2007.905562] sa8255-ivi systemd[1]: Starting qseecomd Sleep Notifier...
2025-08-30 12:33:16,076 - main domain - DEBUG - [ 2007.903361] sa8255-ivi systemd[1]: Starting openwfd_server_1 Sleep Notifier...
2025-08-30 12:33:16,076 - main domain - DEBUG - [ 2007.905562] sa8255-ivi systemd[1]: Starting qseecomd Sleep Notifier...
2025-08-30 12:33:16,076 - main domain - DEBUG - [ 2007.937826] sa8255-ivi systemd[1]: Finished sail-mailbox Sleep Notifier.
2025-08-30 12:33:16,077 - main domain - DEBUG - [ 2007.907680] sa8255-ivi systemd[1]: Starting sail-mailbox Sleep Notifier...
2025-08-30 12:33:16,077 - main domain - DEBUG - [ 2007.905562] sa8255-ivi systemd[1]: Starting qseecomd Sleep Notifier...
2025-08-30 12:33:16,077 - main domain - DEBUG - [ 2007.907680] sa8255-ivi systemd[1]: Starting sail-mailbox Sleep Notifier...
2025-08-30 12:33:16,078 - main domain - DEBUG - [ 2007.909830] sa8255-ivi systemd[1]: Starting video-driver Sleep Notifier...
2025-08-30 12:33:16,078 - main domain - DEBUG - [ 2007.941543] sa8255-ivi systemd[1]: Finished kgsl Sleep Notifier.
2025-08-30 12:33:16,079 - main domain - DEBUG - [ 2007.907680] sa8255-ivi systemd[1]: Starting sail-mailbox Sleep Notifier...
2025-08-30 12:33:16,079 - main domain - DEBUG - [ 2007.909830] sa8255-ivi systemd[1]: Starting video-driver Sleep Notifier...
2025-08-30 12:33:16,079 - main domain - DEBUG - [ 2007.931369] sa8255-ivi systemd[1]: Condition check resulted in audio-umd Sleep Notifier being skipped.
2025-08-30 12:33:16,080 - main domain - DEBUG - [ 2007.945032] sa8255-ivi systemd[1]: Finished awe-audio Sleep Notifier.
2025-08-30 12:33:16,080 - main domain - DEBUG - [ 2007.909830] sa8255-ivi systemd[1]: Starting video-driver Sleep Notifier...
2025-08-30 12:33:16,080 - main domain - DEBUG - [ 2007.931369] sa8255-ivi systemd[1]: Condition check resulted in audio-umd Sleep Notifier being skipped.
2025-08-30 12:33:16,080 - main domain - DEBUG - [ 2007.933260] sa8255-ivi systemd[1]: Finished gpce Sleep Notifier.
2025-08-30 12:33:16,081 - main domain - DEBUG - [ 2007.966200] sa8255-ivi systemd[1]: Finished qcx_server Sleep Notifier.
2025-08-30 12:33:16,081 - main domain - DEBUG - [ 2007.931369] sa8255-ivi systemd[1]: Condition check resulted in audio-umd Sleep Notifier being skipped.
2025-08-30 12:33:16,081 - main domain - DEBUG - [ 2007.933260] sa8255-ivi systemd[1]: Finished gpce Sleep Notifier.
2025-08-30 12:33:16,082 - main domain - DEBUG - [ 2007.934859] sa8255-ivi systemd[1]: Finished notify_aop Sleep Notifier.
2025-08-30 12:33:16,082 - main domain - DEBUG - [ 2007.970958] sa8255-ivi systemd[1]: Finished eva Sleep Notifier.
2025-08-30 12:33:16,082 - main domain - DEBUG - [ 2007.933260] sa8255-ivi systemd[1]: Finished gpce Sleep Notifier.
2025-08-30 12:33:16,083 - main domain - DEBUG - [ 2007.934859] sa8255-ivi systemd[1]: Finished notify_aop Sleep Notifier.
2025-08-30 12:33:16,083 - main domain - DEBUG - [ 2007.934945] sa8255-ivi systemd[1]: Finished openwfd_server_1 Sleep Notifier.
2025-08-30 12:33:16,083 - main domain - DEBUG - [ 2007.934859] sa8255-ivi systemd[1]: Finished notify_aop Sleep Notifier.
2025-08-30 12:33:16,084 - main domain - DEBUG - [ 2007.934945] sa8255-ivi systemd[1]: Finished openwfd_server_1 Sleep Notifier.
2025-08-30 12:33:16,088 - main domain - DEBUG - [ 2007.935060] sa8255-ivi systemd[1]: Finished qseecomd Sleep Notifier.
2025-08-30 12:33:16,089 - main domain - DEBUG - [ 2007.934945] sa8255-ivi systemd[1]: Finished openwfd_server_1 Sleep Notifier.
2025-08-30 12:33:16,089 - main domain - DEBUG - [ 2007.935060] sa8255-ivi systemd[1]: Finished qseecomd Sleep Notifier.
2025-08-30 12:33:16,089 - main domain - DEBUG - [ 2007.935625] sa8255-ivi systemd[1]: Finished video-driver Sleep Notifier.
2025-08-30 12:33:16,090 - main domain - DEBUG - [ 2007.935060] sa8255-ivi systemd[1]: Finished qseecomd Sleep Notifier.
2025-08-30 12:33:16,090 - main domain - DEBUG - [ 2007.935625] sa8255-ivi systemd[1]: Finished video-driver Sleep Notifier.
2025-08-30 12:33:16,090 - main domain - DEBUG - [ 2007.937826] sa8255-ivi systemd[1]: Finished sail-mailbox Sleep Notifier.
2025-08-30 12:33:16,090 - main domain - DEBUG - [ 2007.935625] sa8255-ivi systemd[1]: Finished video-driver Sleep Notifier.
2025-08-30 12:33:16,091 - main domain - DEBUG - [ 2007.941543] sa8255-ivi systemd[1]: Finished kgsl Sleep Notifier.
2025-08-30 12:33:16,091 - main domain - DEBUG - [ 2007.937826] sa8255-ivi systemd[1]: Finished sail-mailbox Sleep Notifier.
2025-08-30 12:33:16,091 - main domain - DEBUG - [ 2007.937826] sa8255-ivi systemd[1]: Finished sail-mailbox Sleep Notifier.
2025-08-30 12:33:16,092 - main domain - DEBUG - [ 2007.945032] sa8255-ivi systemd[1]: Finished awe-audio Sleep Notifier.
2025-08-30 12:33:16,092 - main domain - DEBUG - [ 2007.941543] sa8255-ivi systemd[1]: Finished kgsl Sleep Notifier.
2025-08-30 12:33:16,092 - main domain - DEBUG - [ 2007.941543] sa8255-ivi systemd[1]: Finished kgsl Sleep Notifier.
2025-08-30 12:33:16,093 - main domain - DEBUG - [ 2007.966200] sa8255-ivi systemd[1]: Finished qcx_server Sleep Notifier.
2025-08-30 12:33:16,093 - main domain - DEBUG - [ 2007.94[ 2009.011087][ T2645] qcom_scm_intf soc@0:scm_user_intf_device: scm ioctl failed for svc_id : 2 and cmd_id : 6 with ret : -22
2025-08-30 12:33:16,093 - main domain - DEBUG - 5032] sa8255-ivi systemd[1]: Finished awe-audio Sleep Notifier.[ 2009.012437][ T2648] qcom_scm_intf soc@0:scm_user_intf_device: scm ioctl failed for svc_id : 2 and cmd_id : 6 with ret : -22
2025-08-30 12:33:16,093 - main domain - DEBUG - 
2025-08-30 12:33:16,094 - main domain - DEBUG - [ 2007.945032] sa8255-ivi systemd[1]: Finished awe-audio Sleep [ 2009.014298][ T2646] qcom_scm_intf soc@0:scm_user_intf_device: scm ioctl failed for svc_id : 2 and cmd_id : 6 with ret : -22
2025-08-30 12:33:16,094 - main domain - DEBUG - Notifier.
2025-08-30 12:33:16,094 - main domain - DEBUG - [ 2007.970958] sa8255-ivi systemd[1]: Finished eva Sl[ 2009.019253][ T2649] qcom_scm_intf soc@0:scm_user_intf_device: scm ioctl failed for svc_id : 2 and cmd_id : 6 with ret : -22
2025-08-30 12:33:16,094 - main domain - DEBUG - eep Notifier.
2025-08-30 12:33:16,095 - main domain - DEBUG - [ 2007.966200] sa8255-ivi systemd[1]: Finished qcx_server Sleep Notifier.
2025-08-30 12:33:16,095 - main domain - DEBUG - [ 2007.966200] sa8255-ivi systemd[1]: Finished qcx_server Sleep Notifier.
2025-08-30 12:33:16,095 - main domain - DEBUG - [ 2007.970958] sa8255-ivi systemd[1]: Finished eva Sleep Notifier.
2025-08-30 12:33:16,096 - main domain - DEBUG - [ 2007.9709[ 2009.212279][ T2604] smcinvoke: process_accept_req: Ser58] sa8255-ivi systemd[1]: Finished eva Sleep Notifier.
2025-08-30 12:33:16,096 - main domain - DEBUG - [ 2009.212298][ T2606] smcinvoke: process_accept_req: Server id :17 interrupted probaby due to suspend, pid:2606
2025-08-30 12:33:16,097 - main domain - DEBUG - [ 2009.212307][ T2607] smcinvoke: process_accept_req: Server id :17 interrupted probaby due to suspend, pid:2607
2025-08-30 12:33:16,097 - main domain - DEBUG - [ 2009.212319][ T2608] smcinvoke: process_accept_req: Server id :17 interrupted probaby due to suspend, pid:2608
2025-08-30 12:33:16,097 - main domain - DEBUG - [ 2009.212345][ T2615] smcinvoke: process_accept_req: Server id :18 interrupted probaby due to suspend, pid:2615
2025-08-30 12:33:16,098 - main domain - DEBUG - [ 2009.212358][ T2617] smcinvoke: process_accept_req: Server id :18 interrupted probaby due to suspend, pid:2617
2025-08-30 12:33:16,098 - main domain - DEBUG - [ 2009.212371][ T2616] smcinvoke: process_accept_req: Server id :18 interrupted probaby due to suspend, pid:2616
2025-08-30 12:33:16,099 - main domain - DEBUG - [ 2009.212397][ T2630] smcinvoke: process_accept_req: Server id :20 interrupted probaby due to suspend, pid:2630
2025-08-30 12:33:16,099 - main domain - DEBUG - [ 2009.212419][ T2631] smcinvoke: process_accept_req: Server id :20 interrupted probaby due to suspend, pid:2631
2025-08-30 12:33:16,099 - main domain - DEBUG - [ 2009.212429][ T2635] smcinvoke: process_accept_req: Server id :20 interrupted probaby due to suspend, pid:2635
2025-08-30 12:33:16,100 - main domain - DEBUG - [ 2009.320292][T135544] qcom_ethqos_exit disconnect phy
2025-08-30 12:33:45,111 - main domain - DEBUG - Connected to adb IP: 192.168.1.1 Successfully
2025-08-30 12:33:47,200 - main domain - DEBUG - ==============Restarted adb as root===============
2025-08-30 12:34:01,530 - main domain - ERROR - systemctl --failed --no-pager
2025-08-30 12:34:01,531 - main domain - ERROR - [0m [0m[0m UNIT            [0m[0m LOAD  [0m[0m ACTIVE[0m[0m SUB   [0m[0m DESCRIPTION     [0m
2025-08-30 12:34:01,532 - main domain - ERROR - [0;1;31m*[0m[0;1;31m [0m[0;1;31mapss_stl.service[0m[0;1;31m [0mloaded [0;1;31mfailed[0m[0;1;31m [0m[0;1;31mfailed[0m[0;1;31m [0mAPSS STL Service
2025-08-30 12:34:01,533 - main domain - ERROR - 
2025-08-30 12:34:01,534 - main domain - ERROR - LOAD   = Reflects whether the unit definition was properly loaded.
2025-08-30 12:34:01,535 - main domain - ERROR - ACTIVE = The high-level unit activation state, i.e. generalization of SUB.
2025-08-30 12:34:01,535 - main domain - ERROR - SUB    = The low-level unit activation state, values depend on unit type.
2025-08-30 12:34:01,536 - main domain - ERROR - 1 loaded units listed.
2025-08-30 12:34:01,536 - main domain - ERROR - ~ #
2025-08-30 12:34:01,537 - main domain - ERROR - ~ #
2025-08-30 12:34:01,639 - main domain - CRITICAL - DS-QB Test Case Failed, All services are not up!!!
2025-08-30 12:34:05,862 - main domain - ERROR - root
2025-08-30 12:34:05,863 - main domain - ERROR - /bin/sh: root: not found
2025-08-30 12:34:05,864 - main domain - ERROR - ~ #
2025-08-30 12:34:05,865 - main domain - ERROR - ~ # systemctl --failed --no-pager
2025-08-30 12:34:05,866 - main domain - ERROR - [0m [0m[0m UNIT            [0m[0m LOAD  [0m[0m ACTIVE[0m[0m SUB   [0m[0m DESCRIPTION     [0m
2025-08-30 12:34:05,866 - main domain - ERROR - [0;1;31m*[0m[0;1;31m [0m[0;1;31mapss_stl.service[0m[0;1;31m [0mloaded [0;1;31mfailed[0m[0;1;31m [0m[0;1;31mfailed[0m[0;1;31m [0mAPSS STL Service
2025-08-30 12:34:05,866 - main domain - ERROR - 
2025-08-30 12:34:05,867 - main domain - ERROR - LOAD   = Reflects whether the unit definition was properly loaded.
2025-08-30 12:34:05,867 - main domain - ERROR - ACTIVE = The high-level unit activation state, i.e. generalization of SUB.
2025-08-30 12:34:05,867 - main domain - ERROR - SUB    = The low-level unit activation state, values depend on unit type.
2025-08-30 12:34:05,868 - main domain - ERROR - 1 loaded units listed.
2025-08-30 12:34:05,868 - main domain - ERROR - ~ #
2025-08-30 12:34:05,868 - main domain - ERROR - ~ #
2025-08-30 12:34:05,973 - main domain - ERROR - All Services are Not Up and Running
Aborting DSQB!!
